# JRE version: OpenJDK Runtime Environment (8.0_152-b01) (build 1.8.0_152-release-1012-b01)
# Java VM: OpenJDK 64-Bit Server VM (25.152-b01 mixed mode linux-amd64 compressed oops)
Heap:
 PSYoungGen      total 205312K, used 162883K [0x00000000e0000000, 0x00000000ef780000, 0x0000000100000000)
  eden space 187904K, 79% used [0x00000000e0000000,0x00000000e925ad60,0x00000000eb780000)
  from space 17408K, 74% used [0x00000000eb780000,0x00000000ec435f48,0x00000000ec880000)
  to   space 18432K, 0% used [0x00000000ee580000,0x00000000ee580000,0x00000000ef780000)
 ParOldGen       total 70656K, used 53555K [0x00000000a0000000, 0x00000000a4500000, 0x00000000e0000000)
  object space 70656K, 75% used [0x00000000a0000000,0x00000000a344cd10,0x00000000a4500000)
 Metaspace       used 72845K, capacity 76308K, committed 76504K, reserved 1116160K
  class space    used 9601K, capacity 10489K, committed 10496K, reserved 1048576K
GC Heap History (10 events):
Event: 29,581 GC heap before
{Heap before GC invocations=20 (full 2):
 PSYoungGen      total 140800K, used 48101K [0x00000000e0000000, 0x00000000eb400000, 0x0000000100000000)
  eden space 129024K, 29% used [0x00000000e0000000,0x00000000e2572f60,0x00000000e7e00000)
  from space 11776K, 82% used [0x00000000e7e00000,0x00000000e8786628,0x00000000e8980000)
  to   space 12800K, 0% used [0x00000000ea780000,0x00000000ea780000,0x00000000eb400000)
 ParOldGen       total 42496K, used 34102K [0x00000000a0000000, 0x00000000a2980000, 0x00000000e0000000)
  object space 42496K, 80% used [0x00000000a0000000,0x00000000a214d8d8,0x00000000a2980000)
 Metaspace       used 57040K, capacity 58990K, committed 59028K, reserved 1099776K
  class space    used 7686K, capacity 8163K, committed 8192K, reserved 1048576K
Event: 29,609 GC heap after
Heap after GC invocations=20 (full 2):
 PSYoungGen      total 172032K, used 4006K [0x00000000e0000000, 0x00000000eb500000, 0x0000000100000000)
  eden space 159232K, 0% used [0x00000000e0000000,0x00000000e0000000,0x00000000e9b80000)
  from space 12800K, 31% used [0x00000000ea780000,0x00000000eab69bc8,0x00000000eb400000)
  to   space 12288K, 0% used [0x00000000e9b80000,0x00000000e9b80000,0x00000000ea780000)
 ParOldGen       total 42496K, used 37778K [0x00000000a0000000, 0x00000000a2980000, 0x00000000e0000000)
  object space 42496K, 88% used [0x00000000a0000000,0x00000000a24e4810,0x00000000a2980000)
 Metaspace       used 57040K, capacity 58990K, committed 59028K, reserved 1099776K
  class space    used 7686K, capacity 8163K, committed 8192K, reserved 1048576K
}
Event: 29,610 GC heap before
{Heap before GC invocations=21 (full 3):
 PSYoungGen      total 172032K, used 4006K [0x00000000e0000000, 0x00000000eb500000, 0x0000000100000000)
  eden space 159232K, 0% used [0x00000000e0000000,0x00000000e0000000,0x00000000e9b80000)
  from space 12800K, 31% used [0x00000000ea780000,0x00000000eab69bc8,0x00000000eb400000)
  to   space 12288K, 0% used [0x00000000e9b80000,0x00000000e9b80000,0x00000000ea780000)
 ParOldGen       total 42496K, used 37778K [0x00000000a0000000, 0x00000000a2980000, 0x00000000e0000000)
  object space 42496K, 88% used [0x00000000a0000000,0x00000000a24e4810,0x00000000a2980000)
 Metaspace       used 57040K, capacity 58990K, committed 59028K, reserved 1099776K
  class space    used 7686K, capacity 8163K, committed 8192K, reserved 1048576K
Event: 29,954 GC heap after
Heap after GC invocations=21 (full 3):
 PSYoungGen      total 172032K, used 0K [0x00000000e0000000, 0x00000000eb500000, 0x0000000100000000)
  eden space 159232K, 0% used [0x00000000e0000000,0x00000000e0000000,0x00000000e9b80000)
  from space 12800K, 0% used [0x00000000ea780000,0x00000000ea780000,0x00000000eb400000)
  to   space 12288K, 0% used [0x00000000e9b80000,0x00000000e9b80000,0x00000000ea780000)
 ParOldGen       total 70656K, used 33506K [0x00000000a0000000, 0x00000000a4500000, 0x00000000e0000000)
  object space 70656K, 47% used [0x00000000a0000000,0x00000000a20b8bc8,0x00000000a4500000)
 Metaspace       used 57009K, capacity 58870K, committed 59028K, reserved 1099776K
  class space    used 7677K, capacity 8123K, committed 8192K, reserved 1048576K
}
Event: 34,120 GC heap before
{Heap before GC invocations=22 (full 3):
 PSYoungGen      total 172032K, used 159232K [0x00000000e0000000, 0x00000000eb500000, 0x0000000100000000)
  eden space 159232K, 100% used [0x00000000e0000000,0x00000000e9b80000,0x00000000e9b80000)
  from space 12800K, 0% used [0x00000000ea780000,0x00000000ea780000,0x00000000eb400000)
  to   space 12288K, 0% used [0x00000000e9b80000,0x00000000e9b80000,0x00000000ea780000)
 ParOldGen       total 70656K, used 33506K [0x00000000a0000000, 0x00000000a4500000, 0x00000000e0000000)
  object space 70656K, 47% used [0x00000000a0000000,0x00000000a20b8bc8,0x00000000a4500000)
 Metaspace       used 61957K, capacity 64146K, committed 64344K, reserved 1103872K
  class space    used 8406K, capacity 8996K, committed 9088K, reserved 1048576K
Event: 34,160 GC heap after
Heap after GC invocations=22 (full 3):
 PSYoungGen      total 171520K, used 12269K [0x00000000e0000000, 0x00000000edd00000, 0x0000000100000000)
  eden space 159232K, 0% used [0x00000000e0000000,0x00000000e0000000,0x00000000e9b80000)
  from space 12288K, 99% used [0x00000000e9b80000,0x00000000ea77b4b8,0x00000000ea780000)
  to   space 17408K, 0% used [0x00000000ecc00000,0x00000000ecc00000,0x00000000edd00000)
 ParOldGen       total 70656K, used 41401K [0x00000000a0000000, 0x00000000a4500000, 0x00000000e0000000)
  object space 70656K, 58% used [0x00000000a0000000,0x00000000a286e650,0x00000000a4500000)
 Metaspace       used 61957K, capacity 64146K, committed 64344K, reserved 1103872K
  class space    used 8406K, capacity 8996K, committed 9088K, reserved 1048576K
}
Event: 45,563 GC heap before
{Heap before GC invocations=23 (full 3):
 PSYoungGen      total 171520K, used 171501K [0x00000000e0000000, 0x00000000edd00000, 0x0000000100000000)
  eden space 159232K, 100% used [0x00000000e0000000,0x00000000e9b80000,0x00000000e9b80000)
  from space 12288K, 99% used [0x00000000e9b80000,0x00000000ea77b4b8,0x00000000ea780000)
  to   space 17408K, 0% used [0x00000000ecc00000,0x00000000ecc00000,0x00000000edd00000)
 ParOldGen       total 70656K, used 41401K [0x00000000a0000000, 0x00000000a4500000, 0x00000000e0000000)
  object space 70656K, 58% used [0x00000000a0000000,0x00000000a286e650,0x00000000a4500000)
 Metaspace       used 67293K, capacity 70158K, committed 70360K, reserved 1110016K
  class space    used 8898K, capacity 9642K, committed 9728K, reserved 1048576K
Event: 45,608 GC heap after
Heap after GC invocations=23 (full 3):
 PSYoungGen      total 201728K, used 10080K [0x00000000e0000000, 0x00000000ed980000, 0x0000000100000000)
  eden space 187904K, 0% used [0x00000000e0000000,0x00000000e0000000,0x00000000eb780000)
  from space 13824K, 72% used [0x00000000ecc00000,0x00000000ed5d8358,0x00000000ed980000)
  to   space 17408K, 0% used [0x00000000eb780000,0x00000000eb780000,0x00000000ec880000)
 ParOldGen       total 70656K, used 53547K [0x00000000a0000000, 0x00000000a4500000, 0x00000000e0000000)
  object space 70656K, 75% used [0x00000000a0000000,0x00000000a344ad10,0x00000000a4500000)
 Metaspace       used 67293K, capacity 70158K, committed 70360K, reserved 1110016K
  class space    used 8898K, capacity 9642K, committed 9728K, reserved 1048576K
}
Event: 170,542 GC heap before
{Heap before GC invocations=24 (full 3):
 PSYoungGen      total 201728K, used 197984K [0x00000000e0000000, 0x00000000ed980000, 0x0000000100000000)
  eden space 187904K, 100% used [0x00000000e0000000,0x00000000eb780000,0x00000000eb780000)
  from space 13824K, 72% used [0x00000000ecc00000,0x00000000ed5d8358,0x00000000ed980000)
  to   space 17408K, 0% used [0x00000000eb780000,0x00000000eb780000,0x00000000ec880000)
 ParOldGen       total 70656K, used 53547K [0x00000000a0000000, 0x00000000a4500000, 0x00000000e0000000)
  object space 70656K, 75% used [0x00000000a0000000,0x00000000a344ad10,0x00000000a4500000)
 Metaspace       used 70942K, capacity 74272K, committed 74456K, reserved 1114112K
  class space    used 9372K, capacity 10233K, committed 10240K, reserved 1048576K
Event: 170,577 GC heap after
Heap after GC invocations=24 (full 3):
 PSYoungGen      total 205312K, used 13015K [0x00000000e0000000, 0x00000000ef780000, 0x0000000100000000)
  eden space 187904K, 0% used [0x00000000e0000000,0x00000000e0000000,0x00000000eb780000)
  from space 17408K, 74% used [0x00000000eb780000,0x00000000ec435f48,0x00000000ec880000)
  to   space 18432K, 0% used [0x00000000ee580000,0x00000000ee580000,0x00000000ef780000)
 ParOldGen       total 70656K, used 53555K [0x00000000a0000000, 0x00000000a4500000, 0x00000000e0000000)
  object space 70656K, 75% used [0x00000000a0000000,0x00000000a344cd10,0x00000000a4500000)
 Metaspace       used 70942K, capacity 74272K, committed 74456K, reserved 1114112K
  class space    used 9372K, capacity 10233K, committed 10240K, reserved 1048576K
}

